[2020-10-17 23:15:59,287] INFO Expiring session 0x100162dc524000c, timeout of 18000ms exceeded (org.apache.zookeeper.server.ZooKeeperServer)
[2020-10-17 23:15:59,352] WARN Client session timed out, have not heard from server in 35857ms for sessionid 0x100162dc524000c (org.apache.zookeeper.ClientCnxn)
[2020-10-17 23:15:59,414] INFO Client session timed out, have not heard from server in 35857ms for sessionid 0x100162dc524000c, closing socket connection and attempting reconnect (org.apache.zookeeper.ClientCnxn)
[2020-10-17 23:16:00,944] INFO Opening socket connection to server localhost/127.0.0.1:2181. Will not attempt to authenticate using SASL (unknown error) (org.apache.zookeeper.ClientCnxn)
[2020-10-17 23:16:00,947] INFO Socket connection established, initiating session, client: /127.0.0.1:50404, server: localhost/127.0.0.1:2181 (org.apache.zookeeper.ClientCnxn)
[2020-10-17 23:16:00,983] INFO Invalid session 0x100162dc524000c for client /127.0.0.1:50404, probably expired (org.apache.zookeeper.server.ZooKeeperServer)
[2020-10-17 23:16:00,985] WARN Unable to reconnect to ZooKeeper service, session 0x100162dc524000c has expired (org.apache.zookeeper.ClientCnxn)
[2020-10-17 23:16:00,985] INFO Unable to reconnect to ZooKeeper service, session 0x100162dc524000c has expired, closing socket connection (org.apache.zookeeper.ClientCnxn)
[2020-10-17 23:16:00,993] INFO EventThread shut down for session: 0x100162dc524000c (org.apache.zookeeper.ClientCnxn)
[2020-10-17 23:16:00,997] INFO [ZooKeeperClient Kafka server] Session expired. (kafka.zookeeper.ZooKeeperClient)
[2020-10-17 23:16:01,003] INFO [ZooKeeperClient Kafka server] Initializing a new session to localhost:2181. (kafka.zookeeper.ZooKeeperClient)
[2020-10-17 23:16:01,003] INFO Initiating client connection, connectString=localhost:2181 sessionTimeout=18000 watcher=kafka.zookeeper.ZooKeeperClient$ZooKeeperClientWatcher$@8cd0c3bd (org.apache.zookeeper.ZooKeeper)
[2020-10-17 23:16:01,004] INFO jute.maxbuffer value is 4194304 Bytes (org.apache.zookeeper.ClientCnxnSocket)
[2020-10-17 23:16:01,004] INFO zookeeper.request.timeout value is 0. feature enabled= (org.apache.zookeeper.ClientCnxn)
[2020-10-17 23:16:01,005] INFO Opening socket connection to server localhost/0:0:0:0:0:0:0:1:2181. Will not attempt to authenticate using SASL (unknown error) (org.apache.zookeeper.ClientCnxn)
[2020-10-17 23:16:01,005] INFO Socket connection established, initiating session, client: /0:0:0:0:0:0:0:1:50405, server: localhost/0:0:0:0:0:0:0:1:2181 (org.apache.zookeeper.ClientCnxn)
[2020-10-17 23:16:01,037] INFO Creating /brokers/ids/0 (is it secure? false) (kafka.zk.KafkaZkClient)
[2020-10-17 23:16:01,128] INFO Session establishment complete on server localhost/0:0:0:0:0:0:0:1:2181, sessionid = 0x100162dc524000d, negotiated timeout = 18000 (org.apache.zookeeper.ClientCnxn)
[2020-10-17 23:16:01,170] INFO Stat of the created znode at /brokers/ids/0 is: 297,297,1602994561129,1602994561129,1,0,0,72081979874738189,188,0,297
 (kafka.zk.KafkaZkClient)
[2020-10-17 23:16:01,170] INFO Registered broker 0 at path /brokers/ids/0 with addresses: ArrayBuffer(EndPoint(localhost,9092,ListenerName(PLAINTEXT),PLAINTEXT)), czxid (broker epoch): 297 (kafka.zk.KafkaZkClient)
[2020-10-17 23:17:36,475] INFO [GroupCoordinator 0]: Preparing to rebalance group foodRunnerSyncProtocol_notifications in state PreparingRebalance with old generation 141 (__consumer_offsets-30) (reason: Adding new member Babys-MacBook-Pro.local-dc25de80-c895-4a00-8f45-f86011dbadf8 with group instance id None) (kafka.coordinator.group.GroupCoordinator)
[2020-10-17 23:17:36,476] INFO [GroupCoordinator 0]: Stabilized group foodRunnerSyncProtocol_notifications generation 142 (__consumer_offsets-30) (kafka.coordinator.group.GroupCoordinator)
[2020-10-17 23:17:36,481] INFO [GroupCoordinator 0]: Assignment received from leader for group foodRunnerSyncProtocol_notifications for generation 142 (kafka.coordinator.group.GroupCoordinator)
[2020-10-17 23:19:20,665] INFO [GroupMetadataManager brokerId=0] Removed 0 expired offsets in 0 milliseconds. (kafka.coordinator.group.GroupMetadataManager)
[2020-10-17 23:19:22,171] INFO [GroupCoordinator 0]: Preparing to rebalance group foodRunnerSyncProtocol_notifications in state PreparingRebalance with old generation 142 (__consumer_offsets-30) (reason: Adding new member Babys-MacBook-Pro.local-540a9cad-e4ea-4176-9543-3cf3fc849e46 with group instance id None) (kafka.coordinator.group.GroupCoordinator)
[2020-10-17 23:19:22,793] INFO [GroupCoordinator 0]: Member Babys-MacBook-Pro.local-dc25de80-c895-4a00-8f45-f86011dbadf8 in group foodRunnerSyncProtocol_notifications has failed, removing it from the group (kafka.coordinator.group.GroupCoordinator)
[2020-10-17 23:19:22,793] INFO [GroupCoordinator 0]: Stabilized group foodRunnerSyncProtocol_notifications generation 143 (__consumer_offsets-30) (kafka.coordinator.group.GroupCoordinator)
[2020-10-17 23:19:22,796] INFO [GroupCoordinator 0]: Assignment received from leader for group foodRunnerSyncProtocol_notifications for generation 143 (kafka.coordinator.group.GroupCoordinator)
[2020-10-17 23:20:17,014] INFO [GroupCoordinator 0]: Member Babys-MacBook-Pro.local-540a9cad-e4ea-4176-9543-3cf3fc849e46 in group foodRunnerSyncProtocol_notifications has failed, removing it from the group (kafka.coordinator.group.GroupCoordinator)
[2020-10-17 23:20:17,014] INFO [GroupCoordinator 0]: Preparing to rebalance group foodRunnerSyncProtocol_notifications in state PreparingRebalance with old generation 143 (__consumer_offsets-30) (reason: removing member Babys-MacBook-Pro.local-540a9cad-e4ea-4176-9543-3cf3fc849e46 on heartbeat expiration) (kafka.coordinator.group.GroupCoordinator)
[2020-10-17 23:20:17,014] INFO [GroupCoordinator 0]: Group foodRunnerSyncProtocol_notifications with generation 144 is now empty (__consumer_offsets-30) (kafka.coordinator.group.GroupCoordinator)
[2020-10-17 23:22:30,679] INFO [GroupCoordinator 0]: Preparing to rebalance group foodRunnerSyncProtocol_notifications in state PreparingRebalance with old generation 144 (__consumer_offsets-30) (reason: Adding new member Babys-MacBook-Pro.local-9778d80b-3e4c-4c64-a151-9327211e2388 with group instance id None) (kafka.coordinator.group.GroupCoordinator)
[2020-10-17 23:22:30,679] INFO [GroupCoordinator 0]: Stabilized group foodRunnerSyncProtocol_notifications generation 145 (__consumer_offsets-30) (kafka.coordinator.group.GroupCoordinator)
[2020-10-17 23:22:30,682] INFO [GroupCoordinator 0]: Assignment received from leader for group foodRunnerSyncProtocol_notifications for generation 145 (kafka.coordinator.group.GroupCoordinator)
[2020-10-17 23:24:55,145] INFO [GroupCoordinator 0]: Member Babys-MacBook-Pro.local-9778d80b-3e4c-4c64-a151-9327211e2388 in group foodRunnerSyncProtocol_notifications has failed, removing it from the group (kafka.coordinator.group.GroupCoordinator)
[2020-10-17 23:24:55,146] INFO [GroupCoordinator 0]: Preparing to rebalance group foodRunnerSyncProtocol_notifications in state PreparingRebalance with old generation 145 (__consumer_offsets-30) (reason: removing member Babys-MacBook-Pro.local-9778d80b-3e4c-4c64-a151-9327211e2388 on heartbeat expiration) (kafka.coordinator.group.GroupCoordinator)
[2020-10-17 23:24:55,146] INFO [GroupCoordinator 0]: Group foodRunnerSyncProtocol_notifications with generation 146 is now empty (__consumer_offsets-30) (kafka.coordinator.group.GroupCoordinator)
[2020-10-17 23:29:20,676] INFO [GroupMetadataManager brokerId=0] Removed 0 expired offsets in 0 milliseconds. (kafka.coordinator.group.GroupMetadataManager)
[2020-10-17 23:39:20,687] INFO [GroupMetadataManager brokerId=0] Removed 0 expired offsets in 0 milliseconds. (kafka.coordinator.group.GroupMetadataManager)
[2020-10-17 23:42:49,545] INFO [GroupCoordinator 0]: Preparing to rebalance group foodRunnerSyncProtocol_notifications in state PreparingRebalance with old generation 146 (__consumer_offsets-30) (reason: Adding new member Babys-MacBook-Pro.local-48d675ef-4f30-42d8-b2df-bcbd6a3507f2 with group instance id None) (kafka.coordinator.group.GroupCoordinator)
[2020-10-17 23:42:49,545] INFO [GroupCoordinator 0]: Stabilized group foodRunnerSyncProtocol_notifications generation 147 (__consumer_offsets-30) (kafka.coordinator.group.GroupCoordinator)
[2020-10-17 23:42:49,549] INFO [GroupCoordinator 0]: Assignment received from leader for group foodRunnerSyncProtocol_notifications for generation 147 (kafka.coordinator.group.GroupCoordinator)
[2020-10-17 23:43:46,768] INFO [GroupCoordinator 0]: Member Babys-MacBook-Pro.local-48d675ef-4f30-42d8-b2df-bcbd6a3507f2 in group foodRunnerSyncProtocol_notifications has failed, removing it from the group (kafka.coordinator.group.GroupCoordinator)
[2020-10-17 23:43:46,768] INFO [GroupCoordinator 0]: Preparing to rebalance group foodRunnerSyncProtocol_notifications in state PreparingRebalance with old generation 147 (__consumer_offsets-30) (reason: removing member Babys-MacBook-Pro.local-48d675ef-4f30-42d8-b2df-bcbd6a3507f2 on heartbeat expiration) (kafka.coordinator.group.GroupCoordinator)
[2020-10-17 23:43:46,768] INFO [GroupCoordinator 0]: Group foodRunnerSyncProtocol_notifications with generation 148 is now empty (__consumer_offsets-30) (kafka.coordinator.group.GroupCoordinator)
[2020-10-17 23:44:07,723] INFO [GroupCoordinator 0]: Preparing to rebalance group foodRunnerSyncProtocol_notifications in state PreparingRebalance with old generation 148 (__consumer_offsets-30) (reason: Adding new member Babys-MacBook-Pro.local-fc2dfb01-49ba-4d8a-90ef-5571d58d5686 with group instance id None) (kafka.coordinator.group.GroupCoordinator)
[2020-10-17 23:44:07,723] INFO [GroupCoordinator 0]: Stabilized group foodRunnerSyncProtocol_notifications generation 149 (__consumer_offsets-30) (kafka.coordinator.group.GroupCoordinator)
[2020-10-17 23:44:07,726] INFO [GroupCoordinator 0]: Assignment received from leader for group foodRunnerSyncProtocol_notifications for generation 149 (kafka.coordinator.group.GroupCoordinator)
[2020-10-17 23:45:01,940] INFO [GroupCoordinator 0]: Member Babys-MacBook-Pro.local-fc2dfb01-49ba-4d8a-90ef-5571d58d5686 in group foodRunnerSyncProtocol_notifications has failed, removing it from the group (kafka.coordinator.group.GroupCoordinator)
[2020-10-17 23:45:01,941] INFO [GroupCoordinator 0]: Preparing to rebalance group foodRunnerSyncProtocol_notifications in state PreparingRebalance with old generation 149 (__consumer_offsets-30) (reason: removing member Babys-MacBook-Pro.local-fc2dfb01-49ba-4d8a-90ef-5571d58d5686 on heartbeat expiration) (kafka.coordinator.group.GroupCoordinator)
[2020-10-17 23:45:01,941] INFO [GroupCoordinator 0]: Group foodRunnerSyncProtocol_notifications with generation 150 is now empty (__consumer_offsets-30) (kafka.coordinator.group.GroupCoordinator)
[2020-10-17 23:49:21,058] INFO [GroupMetadataManager brokerId=0] Removed 0 expired offsets in 0 milliseconds. (kafka.coordinator.group.GroupMetadataManager)
